<?xml version="1.0" encoding="UTF-8"?>
<testng-results ignored="0" total="7" passed="7" failed="0" skipped="0">
  <reporter-output>
  </reporter-output>
  <suite started-at="2025-03-20T15:31:56 IST" name="Suite" finished-at="2025-03-20T15:32:25 IST" duration-ms="28777">
    <groups>
      <group name="smoke">
        <method signature="LoginTest.verifyUserLoginWithValidUsernameAndValidPassword()[pri:1, instance:testScript.LoginTest@48e92c5c]" name="verifyUserLoginWithValidUsernameAndValidPassword" class="testScript.LoginTest"/>
        <method signature="LoginTest.verifyUserLoginWithValidUsernameAndInvalidPassword()[pri:2, instance:testScript.LoginTest@48e92c5c]" name="verifyUserLoginWithValidUsernameAndInvalidPassword" class="testScript.LoginTest"/>
      </group> <!-- smoke -->
    </groups>
    <test started-at="2025-03-20T15:31:56 IST" name="Test" finished-at="2025-03-20T15:32:25 IST" duration-ms="28777">
      <class name="testScript.LoginTest">
        <test-method is-config="true" signature="intializeBrowser(java.lang.String)[pri:0, instance:testScript.LoginTest@48e92c5c]" started-at="2025-03-20T15:31:56 IST" name="intializeBrowser" finished-at="2025-03-20T15:31:59 IST" duration-ms="3188" status="PASS">
          <params>
            <param index="0">
              <value>
                <![CDATA[Chrome]]>
              </value>
            </param>
          </params>
          <reporter-output>
          </reporter-output>
        </test-method> <!-- intializeBrowser -->
        <test-method signature="verifyUserLoginWithValidUsernameAndValidPassword()[pri:1, instance:testScript.LoginTest@48e92c5c]" started-at="2025-03-20T15:31:59 IST" name="verifyUserLoginWithValidUsernameAndValidPassword" description="Verification of user login with valid Credentials" finished-at="2025-03-20T15:32:02 IST" duration-ms="2559" status="PASS">
          <reporter-output>
          </reporter-output>
        </test-method> <!-- verifyUserLoginWithValidUsernameAndValidPassword -->
        <test-method is-config="true" signature="driverQuit(org.testng.ITestResult)[pri:0, instance:testScript.LoginTest@48e92c5c]" started-at="2025-03-20T15:32:02 IST" name="driverQuit" finished-at="2025-03-20T15:32:02 IST" duration-ms="406" status="PASS">
          <params>
            <param index="0">
              <value>
                <![CDATA[[TestResult name=verifyUserLoginWithValidUsernameAndValidPassword status=SUCCESS method=LoginTest.verifyUserLoginWithValidUsernameAndValidPassword()[pri:1, instance:testScript.LoginTest@48e92c5c] output={null}]]]>
              </value>
            </param>
          </params>
          <reporter-output>
          </reporter-output>
        </test-method> <!-- driverQuit -->
        <test-method is-config="true" signature="intializeBrowser(java.lang.String)[pri:0, instance:testScript.LoginTest@48e92c5c]" started-at="2025-03-20T15:32:02 IST" name="intializeBrowser" finished-at="2025-03-20T15:32:05 IST" duration-ms="2442" status="PASS">
          <params>
            <param index="0">
              <value>
                <![CDATA[Chrome]]>
              </value>
            </param>
          </params>
          <reporter-output>
          </reporter-output>
        </test-method> <!-- intializeBrowser -->
        <test-method signature="verifyUserLoginWithValidUsernameAndInvalidPassword()[pri:2, instance:testScript.LoginTest@48e92c5c]" started-at="2025-03-20T15:32:05 IST" name="verifyUserLoginWithValidUsernameAndInvalidPassword" description="Verification of user login with valid username and invalid password" finished-at="2025-03-20T15:32:06 IST" duration-ms="1043" status="PASS">
          <reporter-output>
          </reporter-output>
        </test-method> <!-- verifyUserLoginWithValidUsernameAndInvalidPassword -->
        <test-method is-config="true" signature="driverQuit(org.testng.ITestResult)[pri:0, instance:testScript.LoginTest@48e92c5c]" started-at="2025-03-20T15:32:06 IST" name="driverQuit" finished-at="2025-03-20T15:32:06 IST" duration-ms="246" status="PASS">
          <params>
            <param index="0">
              <value>
                <![CDATA[[TestResult name=verifyUserLoginWithValidUsernameAndInvalidPassword status=SUCCESS method=LoginTest.verifyUserLoginWithValidUsernameAndInvalidPassword()[pri:2, instance:testScript.LoginTest@48e92c5c] output={null}]]]>
              </value>
            </param>
          </params>
          <reporter-output>
          </reporter-output>
        </test-method> <!-- driverQuit -->
        <test-method is-config="true" signature="intializeBrowser(java.lang.String)[pri:0, instance:testScript.LoginTest@48e92c5c]" started-at="2025-03-20T15:32:06 IST" name="intializeBrowser" finished-at="2025-03-20T15:32:08 IST" duration-ms="2430" status="PASS">
          <params>
            <param index="0">
              <value>
                <![CDATA[Chrome]]>
              </value>
            </param>
          </params>
          <reporter-output>
          </reporter-output>
        </test-method> <!-- intializeBrowser -->
        <test-method signature="verifyUserLoginWithInvalidUsernameAndValidPassword()[pri:3, instance:testScript.LoginTest@48e92c5c]" started-at="2025-03-20T15:32:08 IST" name="verifyUserLoginWithInvalidUsernameAndValidPassword" description="Verification of user login with invalid username and valid password" finished-at="2025-03-20T15:32:09 IST" duration-ms="1099" status="PASS">
          <reporter-output>
          </reporter-output>
        </test-method> <!-- verifyUserLoginWithInvalidUsernameAndValidPassword -->
        <test-method is-config="true" signature="driverQuit(org.testng.ITestResult)[pri:0, instance:testScript.LoginTest@48e92c5c]" started-at="2025-03-20T15:32:09 IST" name="driverQuit" finished-at="2025-03-20T15:32:10 IST" duration-ms="286" status="PASS">
          <params>
            <param index="0">
              <value>
                <![CDATA[[TestResult name=verifyUserLoginWithInvalidUsernameAndValidPassword status=SUCCESS method=LoginTest.verifyUserLoginWithInvalidUsernameAndValidPassword()[pri:3, instance:testScript.LoginTest@48e92c5c] output={null}]]]>
              </value>
            </param>
          </params>
          <reporter-output>
          </reporter-output>
        </test-method> <!-- driverQuit -->
        <test-method is-config="true" signature="intializeBrowser(java.lang.String)[pri:0, instance:testScript.LoginTest@48e92c5c]" started-at="2025-03-20T15:32:10 IST" name="intializeBrowser" finished-at="2025-03-20T15:32:12 IST" duration-ms="2465" status="PASS">
          <params>
            <param index="0">
              <value>
                <![CDATA[Chrome]]>
              </value>
            </param>
          </params>
          <reporter-output>
          </reporter-output>
        </test-method> <!-- intializeBrowser -->
        <test-method signature="verifyUserLoginWithInvalidUsernameAndInvalidPassword(java.lang.String,java.lang.String)[pri:4, instance:testScript.LoginTest@48e92c5c]" started-at="2025-03-20T15:32:12 IST" name="verifyUserLoginWithInvalidUsernameAndInvalidPassword" description="Verification of user login with invalid username and invalid password" data-provider="loginProvider" finished-at="2025-03-20T15:32:13 IST" duration-ms="993" status="PASS">
          <params>
            <param index="0">
              <value>
                <![CDATA[admin111]]>
              </value>
            </param>
            <param index="1">
              <value>
                <![CDATA[admin111]]>
              </value>
            </param>
          </params>
          <reporter-output>
          </reporter-output>
        </test-method> <!-- verifyUserLoginWithInvalidUsernameAndInvalidPassword -->
        <test-method is-config="true" signature="driverQuit(org.testng.ITestResult)[pri:0, instance:testScript.LoginTest@48e92c5c]" started-at="2025-03-20T15:32:13 IST" name="driverQuit" finished-at="2025-03-20T15:32:13 IST" duration-ms="263" status="PASS">
          <params>
            <param index="0">
              <value>
                <![CDATA[[TestResult name=verifyUserLoginWithInvalidUsernameAndInvalidPassword status=SUCCESS method=LoginTest.verifyUserLoginWithInvalidUsernameAndInvalidPassword(java.lang.String,java.lang.String)[pri:4, instance:testScript.LoginTest@48e92c5c] output={null}]]]>
              </value>
            </param>
          </params>
          <reporter-output>
          </reporter-output>
        </test-method> <!-- driverQuit -->
        <test-method is-config="true" signature="intializeBrowser(java.lang.String)[pri:0, instance:testScript.LoginTest@48e92c5c]" started-at="2025-03-20T15:32:13 IST" name="intializeBrowser" finished-at="2025-03-20T15:32:16 IST" duration-ms="2468" status="PASS">
          <params>
            <param index="0">
              <value>
                <![CDATA[Chrome]]>
              </value>
            </param>
          </params>
          <reporter-output>
          </reporter-output>
        </test-method> <!-- intializeBrowser -->
        <test-method signature="verifyUserLoginWithInvalidUsernameAndInvalidPassword(java.lang.String,java.lang.String)[pri:4, instance:testScript.LoginTest@48e92c5c]" started-at="2025-03-20T15:32:16 IST" name="verifyUserLoginWithInvalidUsernameAndInvalidPassword" description="Verification of user login with invalid username and invalid password" data-provider="loginProvider" finished-at="2025-03-20T15:32:17 IST" duration-ms="1170" status="PASS">
          <params>
            <param index="0">
              <value>
                <![CDATA[admin]]>
              </value>
            </param>
            <param index="1">
              <value>
                <![CDATA[Test]]>
              </value>
            </param>
          </params>
          <reporter-output>
          </reporter-output>
        </test-method> <!-- verifyUserLoginWithInvalidUsernameAndInvalidPassword -->
        <test-method is-config="true" signature="driverQuit(org.testng.ITestResult)[pri:0, instance:testScript.LoginTest@48e92c5c]" started-at="2025-03-20T15:32:17 IST" name="driverQuit" finished-at="2025-03-20T15:32:17 IST" duration-ms="277" status="PASS">
          <params>
            <param index="0">
              <value>
                <![CDATA[[TestResult name=verifyUserLoginWithInvalidUsernameAndInvalidPassword status=SUCCESS method=LoginTest.verifyUserLoginWithInvalidUsernameAndInvalidPassword(java.lang.String,java.lang.String)[pri:4, instance:testScript.LoginTest@48e92c5c] output={null}]]]>
              </value>
            </param>
          </params>
          <reporter-output>
          </reporter-output>
        </test-method> <!-- driverQuit -->
        <test-method is-config="true" signature="intializeBrowser(java.lang.String)[pri:0, instance:testScript.LoginTest@48e92c5c]" started-at="2025-03-20T15:32:17 IST" name="intializeBrowser" finished-at="2025-03-20T15:32:20 IST" duration-ms="2327" status="PASS">
          <params>
            <param index="0">
              <value>
                <![CDATA[Chrome]]>
              </value>
            </param>
          </params>
          <reporter-output>
          </reporter-output>
        </test-method> <!-- intializeBrowser -->
        <test-method signature="verifyUserLoginWithInvalidUsernameAndInvalidPassword(java.lang.String,java.lang.String)[pri:4, instance:testScript.LoginTest@48e92c5c]" started-at="2025-03-20T15:32:20 IST" name="verifyUserLoginWithInvalidUsernameAndInvalidPassword" description="Verification of user login with invalid username and invalid password" data-provider="loginProvider" finished-at="2025-03-20T15:32:21 IST" duration-ms="953" status="PASS">
          <params>
            <param index="0">
              <value>
                <![CDATA[Test]]>
              </value>
            </param>
            <param index="1">
              <value>
                <![CDATA[admin]]>
              </value>
            </param>
          </params>
          <reporter-output>
          </reporter-output>
        </test-method> <!-- verifyUserLoginWithInvalidUsernameAndInvalidPassword -->
        <test-method is-config="true" signature="driverQuit(org.testng.ITestResult)[pri:0, instance:testScript.LoginTest@48e92c5c]" started-at="2025-03-20T15:32:21 IST" name="driverQuit" finished-at="2025-03-20T15:32:21 IST" duration-ms="274" status="PASS">
          <params>
            <param index="0">
              <value>
                <![CDATA[[TestResult name=verifyUserLoginWithInvalidUsernameAndInvalidPassword status=SUCCESS method=LoginTest.verifyUserLoginWithInvalidUsernameAndInvalidPassword(java.lang.String,java.lang.String)[pri:4, instance:testScript.LoginTest@48e92c5c] output={null}]]]>
              </value>
            </param>
          </params>
          <reporter-output>
          </reporter-output>
        </test-method> <!-- driverQuit -->
        <test-method is-config="true" signature="intializeBrowser(java.lang.String)[pri:0, instance:testScript.LoginTest@48e92c5c]" started-at="2025-03-20T15:32:21 IST" name="intializeBrowser" finished-at="2025-03-20T15:32:23 IST" duration-ms="2514" status="PASS">
          <params>
            <param index="0">
              <value>
                <![CDATA[Chrome]]>
              </value>
            </param>
          </params>
          <reporter-output>
          </reporter-output>
        </test-method> <!-- intializeBrowser -->
        <test-method signature="verifyUserLoginWithInvalidUsernameAndInvalidPassword(java.lang.String,java.lang.String)[pri:4, instance:testScript.LoginTest@48e92c5c]" started-at="2025-03-20T15:32:23 IST" name="verifyUserLoginWithInvalidUsernameAndInvalidPassword" description="Verification of user login with invalid username and invalid password" data-provider="loginProvider" finished-at="2025-03-20T15:32:24 IST" duration-ms="939" status="PASS">
          <params>
            <param index="0">
              <value>
                <![CDATA[Test]]>
              </value>
            </param>
            <param index="1">
              <value>
                <![CDATA[Test]]>
              </value>
            </param>
          </params>
          <reporter-output>
          </reporter-output>
        </test-method> <!-- verifyUserLoginWithInvalidUsernameAndInvalidPassword -->
        <test-method is-config="true" signature="driverQuit(org.testng.ITestResult)[pri:0, instance:testScript.LoginTest@48e92c5c]" started-at="2025-03-20T15:32:24 IST" name="driverQuit" finished-at="2025-03-20T15:32:25 IST" duration-ms="284" status="PASS">
          <params>
            <param index="0">
              <value>
                <![CDATA[[TestResult name=verifyUserLoginWithInvalidUsernameAndInvalidPassword status=SUCCESS method=LoginTest.verifyUserLoginWithInvalidUsernameAndInvalidPassword(java.lang.String,java.lang.String)[pri:4, instance:testScript.LoginTest@48e92c5c] output={null}]]]>
              </value>
            </param>
          </params>
          <reporter-output>
          </reporter-output>
        </test-method> <!-- driverQuit -->
      </class> <!-- testScript.LoginTest -->
    </test> <!-- Test -->
  </suite> <!-- Suite -->
</testng-results>
